This is pdfTeX, Version 3.141592653-2.6-1.40.25 (TeX Live 2023/Debian) (preloaded format=pdflatex 2025.9.5)  25 SEP 2025 08:43
entering extended mode
 restricted \write18 enabled.
 %&-line parsing enabled.
**/home/kapa/Documents/school/courses/coding/source/lec1
(/home/kapa/Documents/school/courses/coding/source/lec1.tex
LaTeX2e <2023-11-01> patch level 1
L3 programming layer <2024-01-22>
! Undefined control sequence.
l.2 \lecture
            {1}{08:10 AM Thu, Sep 25 2025}{General Overview}
? 
! Emergency stop.
l.2 
    
End of file on the terminal!

 
Here is how much of TeX's memory you used:
 17 strings out of 476182
 526 string characters out of 5795596
 1922975 words of memory out of 5000000
 22117 multiletter control sequences out of 15000+600000
 558069 words of font info for 36 fonts, out of 8000000 for 9000
 14 hyphenation exceptions out of 8191
 12i,0n,13p,114b,8s stack positions out of 10000i,1000n,20000p,200000b,200000s
!  ==> Fatal error occurred, no output PDF file produced!
